<?xml version="1.0" encoding="utf-8"?><testsuites name="pytest tests"><testsuite name="pytest" errors="0" failures="0" skipped="0" tests="25" time="4.974" timestamp="2026-07-14T04:19:06.827326+00:00" hostname="agent-env-4d2e7cbb-0315-4833-9258-f167f7977b52"><testcase classname="tests.backend_test" name="test_health" time="0.239" /><testcase classname="tests.backend_test.TestMultiPage" name="test_multi_aggregate_shape" time="0.239" /><testcase classname="tests.backend_test" name="test_list_analyses_includes_demo" time="0.075" /><testcase classname="tests.backend_test.TestMultiPage" name="test_get_page_0_1_2" time="0.249" /><testcase classname="tests.backend_test" name="test_get_demo_analysis_shape" time="0.060" /><testcase classname="tests.backend_test" name="test_get_demo_preview_png" time="0.062" /><testcase classname="tests.backend_test" name="test_get_demo_report_pdf" time="0.105" /><testcase classname="tests.backend_test.TestMultiPage" name="test_get_page_out_of_range_404" time="0.057" /><testcase classname="tests.backend_test" name="test_update_demo_analysis" time="0.184" /><testcase classname="tests.backend_test.TestMultiPage" name="test_get_page_preview_png" time="0.179" /><testcase classname="tests.backend_test.TestMultiPage" name="test_legacy_single_page_still_works" time="0.177" /><testcase classname="tests.backend_test" name="test_analyze_unsupported_file_type" time="0.154" /><testcase classname="tests.backend_test" name="test_analyze_valid_png_expected_budget_error" time="2.932" /><testcase classname="tests.backend_test.TestMultiPage" name="test_put_page1_reaggregates" time="0.615" /><testcase classname="tests.backend_test.TestMultiPage" name="test_calibrate_page0_reaggregates" time="0.465" /><testcase classname="tests.backend_test.TestMultiPage" name="test_multi_report_pdf" time="0.204" /><testcase classname="tests.backend_test.TestMultiPage" name="test_analyses_list_page_count" time="0.058" /><testcase classname="tests.backend_test.TestMultiPage" name="test_previews_survive_mutations_bugfix_verification" time="1.002" /><testcase classname="tests.backend_test" name="test_delete_nonexistent_returns_404" time="0.061" /><testcase classname="tests.backend_test.TestCalibration" name="test_calibrate_success_rescales_measurements" time="0.192" /><testcase classname="tests.backend_test.TestCalibration" name="test_calibrate_persists" time="0.123" /><testcase classname="tests.backend_test.TestCalibration" name="test_calibrate_zero_known_ft_422" time="0.055" /><testcase classname="tests.backend_test.TestCalibration" name="test_calibrate_negative_known_ft_422" time="0.058" /><testcase classname="tests.backend_test.TestCalibration" name="test_calibrate_bad_points_422" time="0.058" /><testcase classname="tests.backend_test.TestCalibration" name="test_calibrate_nonexistent_404" time="0.059" /></testsuite></testsuites>