<?xml version="1.0" encoding="utf-8"?><testsuites name="pytest tests"><testsuite name="pytest" errors="0" failures="0" skipped="0" tests="7" time="27.587" timestamp="2026-07-14T04:18:34.729108+00:00" hostname="agent-env-4d2e7cbb-0315-4833-9258-f167f7977b52"><testcase classname="tests.test_iteration5_modes" name="test_invalid_mode_returns_400" time="0.801" /><testcase classname="tests.test_iteration5_modes.TestHeuristicMode" name="test_heuristic_png_returns_expected_shape" time="0.812" /><testcase classname="tests.test_iteration5_modes" name="test_analyses_list_includes_analysis_mode" time="0.069" /><testcase classname="tests.test_iteration5_modes.TestHeuristicMode" name="test_heuristic_result_is_calibratable" time="0.492" /><testcase classname="tests.test_iteration5_modes.TestAutoMode" name="test_auto_mode_returns_llm_or_heuristic" time="14.688" /><testcase classname="tests.test_iteration5_modes.TestHeuristicMode" name="test_heuristic_multipage_pdf" time="1.341" /><testcase classname="tests.test_iteration5_modes.TestLlmMode" name="test_llm_mode_strict_no_fallback" time="11.423" /></testsuite></testsuites>