<?xml version="1.0" encoding="utf-8"?><testsuites name="pytest tests"><testsuite name="pytest" errors="0" failures="0" skipped="0" tests="25" time="4.411" timestamp="2026-07-12T09:23:09.790498+00:00" hostname="agent-env-4d2e7cbb-0315-4833-9258-f167f7977b52"><testcase classname="tests.backend_test" name="test_health" time="0.222" /><testcase classname="tests.backend_test.TestMultiPage" name="test_multi_aggregate_shape" time="0.224" /><testcase classname="tests.backend_test" name="test_list_analyses_includes_demo" time="0.047" /><testcase classname="tests.backend_test.TestMultiPage" name="test_get_page_0_1_2" time="0.177" /><testcase classname="tests.backend_test" name="test_get_demo_analysis_shape" time="0.044" /><testcase classname="tests.backend_test" name="test_get_demo_preview_png" time="0.041" /><testcase classname="tests.backend_test" name="test_get_demo_report_pdf" time="0.096" /><testcase classname="tests.backend_test.TestMultiPage" name="test_get_page_out_of_range_404" time="0.044" /><testcase classname="tests.backend_test.TestMultiPage" name="test_get_page_preview_png" time="0.124" /><testcase classname="tests.backend_test" name="test_update_demo_analysis" time="0.171" /><testcase classname="tests.backend_test.TestMultiPage" name="test_legacy_single_page_still_works" time="0.124" /><testcase classname="tests.backend_test" name="test_analyze_unsupported_file_type" time="0.081" /><testcase classname="tests.backend_test.TestMultiPage" name="test_put_page1_reaggregates" time="0.489" /><testcase classname="tests.backend_test" name="test_analyze_valid_png_expected_budget_error" time="2.670" /><testcase classname="tests.backend_test.TestMultiPage" name="test_calibrate_page0_reaggregates" time="0.327" /><testcase classname="tests.backend_test.TestMultiPage" name="test_multi_report_pdf" time="0.223" /><testcase classname="tests.backend_test.TestMultiPage" name="test_analyses_list_page_count" time="0.041" /><testcase classname="tests.backend_test.TestMultiPage" name="test_previews_survive_mutations_bugfix_verification" time="0.770" /><testcase classname="tests.backend_test" name="test_delete_nonexistent_returns_404" time="0.048" /><testcase classname="tests.backend_test.TestCalibration" name="test_calibrate_success_rescales_measurements" time="0.128" /><testcase classname="tests.backend_test.TestCalibration" name="test_calibrate_persists" time="0.087" /><testcase classname="tests.backend_test.TestCalibration" name="test_calibrate_zero_known_ft_422" time="0.044" /><testcase classname="tests.backend_test.TestCalibration" name="test_calibrate_negative_known_ft_422" time="0.040" /><testcase classname="tests.backend_test.TestCalibration" name="test_calibrate_bad_points_422" time="0.041" /><testcase classname="tests.backend_test.TestCalibration" name="test_calibrate_nonexistent_404" time="0.043" /></testsuite></testsuites>